<?xml version="1.0" encoding="UTF-8"?>
<!-- Generated by org.testng.reporters.JUnitReportReporter -->
<testsuite skipped="0" hostname="INDHYDELP029" name="com.maventest.mavens.TestCase4" tests="1" failures="0" timestamp="03 May 2018 09:45:08 GMT" time="0.007" errors="0">
  <testcase name="testCase4" time="0.007" classname="com.maventest.mavens.TestCase4"/>
</testsuite> <!-- com.maventest.mavens.TestCase4 -->
