<?xml version="1.0" encoding="UTF-8"?>
<!-- Generated by org.testng.reporters.JUnitReportReporter -->
<testsuite skipped="0" hostname="INDHYDELP029" name="com.maventest.mavens.TestCase1" tests="1" failures="0" timestamp="09 May 2018 11:36:38 GMT" time="15.176" errors="0">
  <testcase name="testCase1" time="15.176" classname="com.maventest.mavens.TestCase1"/>
</testsuite> <!-- com.maventest.mavens.TestCase1 -->
