<?xml version="1.0" encoding="UTF-8"?>
<!-- Generated by org.testng.reporters.JUnitReportReporter -->
<testsuite skipped="0" hostname="INDHYDELP029" name="com.maventest.mavens.TestCase1" tests="1" failures="0" timestamp="21 May 2018 13:29:15 GMT" time="17.112" errors="0">
  <testcase name="testCase1" time="17.112" classname="com.maventest.mavens.TestCase1"/>
</testsuite> <!-- com.maventest.mavens.TestCase1 -->
