<?xml version="1.0" encoding="UTF-8"?>
<!-- Generated by org.testng.reporters.JUnitReportReporter -->
<testsuite skipped="0" hostname="INDHYDELP029" name="com.maventest.mavens.TestCase2$TestCase1" tests="1" failures="0" timestamp="30 Apr 2018 12:34:04 GMT" time="4.768" errors="0">
  <testcase name="testCase2" time="4.768" classname="com.maventest.mavens.TestCase2$TestCase1"/>
</testsuite> <!-- com.maventest.mavens.TestCase2$TestCase1 -->
