<?xml version="1.0" encoding="UTF-8"?>
<!-- Generated by org.testng.reporters.JUnitReportReporter -->
<testsuite skipped="0" hostname="INDHYDELP029" name="com.maventest.mavens.CBT" tests="2" failures="0" timestamp="26 Apr 2018 06:16:45 GMT" time="24.266" errors="0">
  <testcase name="setup" time="12.052" classname="com.maventest.mavens.CBT"/>
  <testcase name="setup" time="12.214" classname="com.maventest.mavens.CBT"/>
</testsuite> <!-- com.maventest.mavens.CBT -->
